09-Sep-2020 19:43:24.895 SEVERE [main] org.apache.catalina.startup.Catalina.stopServer No shutdown port configured. Shut down server through OS signal. Server not shut down.
09-Sep-2020 19:44:11.997 SEVERE [main] org.apache.catalina.startup.Catalina.stopServer No shutdown port configured. Shut down server through OS signal. Server not shut down.
09-Sep-2020 19:46:00.008 SEVERE [main] org.apache.catalina.startup.Catalina.stopServer Could not contact [localhost:10001]. Tomcat may not be running.
09-Sep-2020 19:46:00.009 SEVERE [main] org.apache.catalina.startup.Catalina.stopServer Catalina.stop: 
	java.net.ConnectException: Connection refused: connect
		at java.net.DualStackPlainSocketImpl.connect0(Native Method)
		at java.net.DualStackPlainSocketImpl.socketConnect(Unknown Source)
		at java.net.AbstractPlainSocketImpl.doConnect(Unknown Source)
		at java.net.AbstractPlainSocketImpl.connectToAddress(Unknown Source)
		at java.net.AbstractPlainSocketImpl.connect(Unknown Source)
		at java.net.PlainSocketImpl.connect(Unknown Source)
		at java.net.SocksSocketImpl.connect(Unknown Source)
		at java.net.Socket.connect(Unknown Source)
		at java.net.Socket.connect(Unknown Source)
		at java.net.Socket.<init>(Unknown Source)
		at java.net.Socket.<init>(Unknown Source)
		at org.apache.catalina.startup.Catalina.stopServer(Catalina.java:504)
		at sun.reflect.NativeMethodAccessorImpl.invoke0(Native Method)
		at sun.reflect.NativeMethodAccessorImpl.invoke(Unknown Source)
		at sun.reflect.DelegatingMethodAccessorImpl.invoke(Unknown Source)
		at java.lang.reflect.Method.invoke(Unknown Source)
		at org.apache.catalina.startup.Bootstrap.stopServer(Bootstrap.java:388)
		at org.apache.catalina.startup.Bootstrap.main(Bootstrap.java:478)
09-Sep-2020 19:46:34.998 SEVERE [main] org.apache.catalina.startup.Catalina.stopServer Could not contact [localhost:10001]. Tomcat may not be running.
09-Sep-2020 19:47:29.397 INFO [Thread-5] org.apache.coyote.AbstractProtocol.pause Pausing ProtocolHandler ["http-nio-8080"]
09-Sep-2020 19:47:29.553 INFO [Thread-5] org.apache.catalina.core.StandardService.stopInternal Stopping service [Catalina]
09-Sep-2020 19:47:29.565 INFO [Thread-5] org.apache.coyote.AbstractProtocol.stop Stopping ProtocolHandler ["http-nio-8080"]
09-Sep-2020 19:47:29.565 INFO [Thread-5] org.apache.coyote.AbstractProtocol.destroy Destroying ProtocolHandler ["http-nio-8080"]
09-Sep-2020 19:48:07.852 INFO [main] org.apache.catalina.startup.VersionLoggerListener.log Server version name:   Apache Tomcat/8.5.57
09-Sep-2020 19:48:07.853 INFO [main] org.apache.catalina.startup.VersionLoggerListener.log Server built:          Jun 30 2020 21:49:10 UTC
09-Sep-2020 19:48:07.853 INFO [main] org.apache.catalina.startup.VersionLoggerListener.log Server version number: 8.5.57.0
09-Sep-2020 19:48:07.853 INFO [main] org.apache.catalina.startup.VersionLoggerListener.log OS Name:               Windows 10
09-Sep-2020 19:48:07.853 INFO [main] org.apache.catalina.startup.VersionLoggerListener.log OS Version:            10.0
09-Sep-2020 19:48:07.853 INFO [main] org.apache.catalina.startup.VersionLoggerListener.log Architecture:          x86
09-Sep-2020 19:48:07.853 INFO [main] org.apache.catalina.startup.VersionLoggerListener.log Java Home:             C:\Program Files (x86)\Java\jre1.8.0_261
09-Sep-2020 19:48:07.853 INFO [main] org.apache.catalina.startup.VersionLoggerListener.log JVM Version:           1.8.0_261-b12
09-Sep-2020 19:48:07.854 INFO [main] org.apache.catalina.startup.VersionLoggerListener.log JVM Vendor:            Oracle Corporation
09-Sep-2020 19:48:07.854 INFO [main] org.apache.catalina.startup.VersionLoggerListener.log CATALINA_BASE:         C:\Program Files (x86)\Apache Software Foundation\Tomcat 8.5
09-Sep-2020 19:48:07.854 INFO [main] org.apache.catalina.startup.VersionLoggerListener.log CATALINA_HOME:         C:\Program Files (x86)\Apache Software Foundation\Tomcat 8.5
09-Sep-2020 19:48:07.854 INFO [main] org.apache.catalina.startup.VersionLoggerListener.log Command line argument: -Djava.util.logging.config.file=C:\Program Files (x86)\Apache Software Foundation\Tomcat 8.5\conf\logging.properties
09-Sep-2020 19:48:07.854 INFO [main] org.apache.catalina.startup.VersionLoggerListener.log Command line argument: -Djava.util.logging.manager=org.apache.juli.ClassLoaderLogManager
09-Sep-2020 19:48:07.854 INFO [main] org.apache.catalina.startup.VersionLoggerListener.log Command line argument: -Djdk.tls.ephemeralDHKeySize=2048
09-Sep-2020 19:48:07.854 INFO [main] org.apache.catalina.startup.VersionLoggerListener.log Command line argument: -Djava.protocol.handler.pkgs=org.apache.catalina.webresources
09-Sep-2020 19:48:07.855 INFO [main] org.apache.catalina.startup.VersionLoggerListener.log Command line argument: -Dignore.endorsed.dirs=
09-Sep-2020 19:48:07.855 INFO [main] org.apache.catalina.startup.VersionLoggerListener.log Command line argument: -Dcatalina.base=C:\Program Files (x86)\Apache Software Foundation\Tomcat 8.5
09-Sep-2020 19:48:07.855 INFO [main] org.apache.catalina.startup.VersionLoggerListener.log Command line argument: -Dcatalina.home=C:\Program Files (x86)\Apache Software Foundation\Tomcat 8.5
09-Sep-2020 19:48:07.856 INFO [main] org.apache.catalina.startup.VersionLoggerListener.log Command line argument: -Djava.io.tmpdir=C:\Program Files (x86)\Apache Software Foundation\Tomcat 8.5\temp
09-Sep-2020 19:48:07.857 INFO [main] org.apache.catalina.core.AprLifecycleListener.lifecycleEvent The Apache Tomcat Native library which allows using OpenSSL was not found on the java.library.path: [C:\Program Files (x86)\Java\jre1.8.0_261\bin;C:\WINDOWS\Sun\Java\bin;C:\WINDOWS\system32;C:\WINDOWS;C:\Program Files (x86)\Common Files\Oracle\Java\javapath;C:\Windows\system32;C:\Windows;C:\Windows\System32\Wbem;C:\Windows\System32\WindowsPowerShell\v1.0\;C:\Windows\System32\OpenSSH\;C:\Users\Or\.dnx\bin;C:\Program Files\Microsoft DNX\Dnvm\;C:\Program Files\Microsoft SQL Server\120\Tools\Binn\;C:\Program Files\Microsoft SQL Server\130\Tools\Binn\;C:\Program Files (x86)\Windows Kits\8.1\Windows Performance Toolkit\;C:\Program Files\NVIDIA Corporation\NVIDIA NvDLISR;C:\Program Files (x86)\NVIDIA Corporation\PhysX\Common;C:\WINDOWS\system32;C:\WINDOWS;C:\WINDOWS\System32\Wbem;C:\WINDOWS\System32\WindowsPowerShell\v1.0\;C:\WINDOWS\System32\OpenSSH\;C:\Program Files\Git\cmd;C:\Program Files\Java\jdk-13.0.2\bin;C:\Users\Or\AppData\Local\Microsoft\WindowsApps;;C:\Users\Or\AppData\Local\Programs\Microsoft VS Code\bin;.]
09-Sep-2020 19:48:07.942 INFO [main] org.apache.coyote.AbstractProtocol.init Initializing ProtocolHandler ["http-nio-8080"]
09-Sep-2020 19:48:08.114 INFO [main] org.apache.tomcat.util.net.NioSelectorPool.getSharedSelector Using a shared selector for servlet write/read
09-Sep-2020 19:48:08.121 INFO [main] org.apache.catalina.startup.Catalina.load Initialization processed in 477 ms
09-Sep-2020 19:48:08.137 INFO [main] org.apache.catalina.core.StandardService.startInternal Starting service [Catalina]
09-Sep-2020 19:48:08.137 INFO [main] org.apache.catalina.core.StandardEngine.startInternal Starting Servlet Engine: Apache Tomcat/8.5.57
09-Sep-2020 19:48:08.142 INFO [localhost-startStop-1] org.apache.catalina.startup.HostConfig.deployDirectory Deploying web application directory [C:\Program Files (x86)\Apache Software Foundation\Tomcat 8.5\webapps\docs]
09-Sep-2020 19:48:08.276 INFO [localhost-startStop-1] org.apache.catalina.startup.HostConfig.deployDirectory Deployment of web application directory [C:\Program Files (x86)\Apache Software Foundation\Tomcat 8.5\webapps\docs] has finished in [134] ms
09-Sep-2020 19:48:08.276 INFO [localhost-startStop-1] org.apache.catalina.startup.HostConfig.deployDirectory Deploying web application directory [C:\Program Files (x86)\Apache Software Foundation\Tomcat 8.5\webapps\manager]
09-Sep-2020 19:48:08.308 INFO [localhost-startStop-1] org.apache.catalina.startup.HostConfig.deployDirectory Deployment of web application directory [C:\Program Files (x86)\Apache Software Foundation\Tomcat 8.5\webapps\manager] has finished in [32] ms
09-Sep-2020 19:48:08.308 INFO [localhost-startStop-1] org.apache.catalina.startup.HostConfig.deployDirectory Deploying web application directory [C:\Program Files (x86)\Apache Software Foundation\Tomcat 8.5\webapps\or_itay]
09-Sep-2020 19:48:08.323 INFO [localhost-startStop-1] org.apache.catalina.startup.HostConfig.deployDirectory Deployment of web application directory [C:\Program Files (x86)\Apache Software Foundation\Tomcat 8.5\webapps\or_itay] has finished in [15] ms
09-Sep-2020 19:48:08.323 INFO [localhost-startStop-1] org.apache.catalina.startup.HostConfig.deployDirectory Deploying web application directory [C:\Program Files (x86)\Apache Software Foundation\Tomcat 8.5\webapps\ROOT]
09-Sep-2020 19:48:08.337 INFO [localhost-startStop-1] org.apache.catalina.startup.HostConfig.deployDirectory Deployment of web application directory [C:\Program Files (x86)\Apache Software Foundation\Tomcat 8.5\webapps\ROOT] has finished in [14] ms
09-Sep-2020 19:48:08.339 INFO [main] org.apache.coyote.AbstractProtocol.start Starting ProtocolHandler ["http-nio-8080"]
09-Sep-2020 19:48:08.344 INFO [main] org.apache.catalina.startup.Catalina.start Server startup in 222 ms
09-Sep-2020 19:54:35.768 INFO [main] org.apache.catalina.core.StandardServer.await A valid shutdown command was received via the shutdown port. Stopping the Server instance.
09-Sep-2020 19:54:35.768 INFO [main] org.apache.coyote.AbstractProtocol.pause Pausing ProtocolHandler ["http-nio-8080"]
09-Sep-2020 19:54:35.923 INFO [main] org.apache.catalina.core.StandardService.stopInternal Stopping service [Catalina]
09-Sep-2020 19:54:35.933 INFO [main] org.apache.coyote.AbstractProtocol.stop Stopping ProtocolHandler ["http-nio-8080"]
09-Sep-2020 19:54:35.933 INFO [main] org.apache.coyote.AbstractProtocol.destroy Destroying ProtocolHandler ["http-nio-8080"]
09-Sep-2020 19:58:18.754 INFO [main] org.apache.catalina.startup.VersionLoggerListener.log Server version name:   Apache Tomcat/8.5.57
09-Sep-2020 19:58:18.756 INFO [main] org.apache.catalina.startup.VersionLoggerListener.log Server built:          Jun 30 2020 21:49:10 UTC
09-Sep-2020 19:58:18.756 INFO [main] org.apache.catalina.startup.VersionLoggerListener.log Server version number: 8.5.57.0
09-Sep-2020 19:58:18.756 INFO [main] org.apache.catalina.startup.VersionLoggerListener.log OS Name:               Windows 10
09-Sep-2020 19:58:18.756 INFO [main] org.apache.catalina.startup.VersionLoggerListener.log OS Version:            10.0
09-Sep-2020 19:58:18.756 INFO [main] org.apache.catalina.startup.VersionLoggerListener.log Architecture:          x86
09-Sep-2020 19:58:18.756 INFO [main] org.apache.catalina.startup.VersionLoggerListener.log Java Home:             C:\Program Files (x86)\Java\jre1.8.0_261
09-Sep-2020 19:58:18.756 INFO [main] org.apache.catalina.startup.VersionLoggerListener.log JVM Version:           1.8.0_261-b12
09-Sep-2020 19:58:18.756 INFO [main] org.apache.catalina.startup.VersionLoggerListener.log JVM Vendor:            Oracle Corporation
09-Sep-2020 19:58:18.756 INFO [main] org.apache.catalina.startup.VersionLoggerListener.log CATALINA_BASE:         C:\Program Files (x86)\Apache Software Foundation\Tomcat 8.5
09-Sep-2020 19:58:18.757 INFO [main] org.apache.catalina.startup.VersionLoggerListener.log CATALINA_HOME:         C:\Program Files (x86)\Apache Software Foundation\Tomcat 8.5
09-Sep-2020 19:58:18.757 INFO [main] org.apache.catalina.startup.VersionLoggerListener.log Command line argument: -Djava.util.logging.config.file=C:\Program Files (x86)\Apache Software Foundation\Tomcat 8.5\conf\logging.properties
09-Sep-2020 19:58:18.757 INFO [main] org.apache.catalina.startup.VersionLoggerListener.log Command line argument: -Djava.util.logging.manager=org.apache.juli.ClassLoaderLogManager
09-Sep-2020 19:58:18.757 INFO [main] org.apache.catalina.startup.VersionLoggerListener.log Command line argument: -Djdk.tls.ephemeralDHKeySize=2048
09-Sep-2020 19:58:18.757 INFO [main] org.apache.catalina.startup.VersionLoggerListener.log Command line argument: -Djava.protocol.handler.pkgs=org.apache.catalina.webresources
09-Sep-2020 19:58:18.757 INFO [main] org.apache.catalina.startup.VersionLoggerListener.log Command line argument: -Dignore.endorsed.dirs=
09-Sep-2020 19:58:18.758 INFO [main] org.apache.catalina.startup.VersionLoggerListener.log Command line argument: -Dcatalina.base=C:\Program Files (x86)\Apache Software Foundation\Tomcat 8.5
09-Sep-2020 19:58:18.758 INFO [main] org.apache.catalina.startup.VersionLoggerListener.log Command line argument: -Dcatalina.home=C:\Program Files (x86)\Apache Software Foundation\Tomcat 8.5
09-Sep-2020 19:58:18.759 INFO [main] org.apache.catalina.startup.VersionLoggerListener.log Command line argument: -Djava.io.tmpdir=C:\Program Files (x86)\Apache Software Foundation\Tomcat 8.5\temp
09-Sep-2020 19:58:18.759 INFO [main] org.apache.catalina.core.AprLifecycleListener.lifecycleEvent The Apache Tomcat Native library which allows using OpenSSL was not found on the java.library.path: [C:\Program Files (x86)\Java\jre1.8.0_261\bin;C:\WINDOWS\Sun\Java\bin;C:\WINDOWS\system32;C:\WINDOWS;C:\Program Files (x86)\Common Files\Oracle\Java\javapath;C:\Windows\system32;C:\Windows;C:\Windows\System32\Wbem;C:\Windows\System32\WindowsPowerShell\v1.0\;C:\Windows\System32\OpenSSH\;C:\Users\Or\.dnx\bin;C:\Program Files\Microsoft DNX\Dnvm\;C:\Program Files\Microsoft SQL Server\120\Tools\Binn\;C:\Program Files\Microsoft SQL Server\130\Tools\Binn\;C:\Program Files (x86)\Windows Kits\8.1\Windows Performance Toolkit\;C:\Program Files\NVIDIA Corporation\NVIDIA NvDLISR;C:\Program Files (x86)\NVIDIA Corporation\PhysX\Common;C:\WINDOWS\system32;C:\WINDOWS;C:\WINDOWS\System32\Wbem;C:\WINDOWS\System32\WindowsPowerShell\v1.0\;C:\WINDOWS\System32\OpenSSH\;C:\Program Files\Git\cmd;C:\Program Files\Java\jdk-13.0.2\bin;C:\Users\Or\AppData\Local\Microsoft\WindowsApps;;C:\Users\Or\AppData\Local\Programs\Microsoft VS Code\bin;.]
09-Sep-2020 19:58:18.836 INFO [main] org.apache.coyote.AbstractProtocol.init Initializing ProtocolHandler ["http-nio-8080"]
09-Sep-2020 19:58:19.004 INFO [main] org.apache.tomcat.util.net.NioSelectorPool.getSharedSelector Using a shared selector for servlet write/read
09-Sep-2020 19:58:19.013 INFO [main] org.apache.catalina.startup.Catalina.load Initialization processed in 459 ms
09-Sep-2020 19:58:19.028 INFO [main] org.apache.catalina.core.StandardService.startInternal Starting service [Catalina]
09-Sep-2020 19:58:19.028 INFO [main] org.apache.catalina.core.StandardEngine.startInternal Starting Servlet Engine: Apache Tomcat/8.5.57
09-Sep-2020 19:58:19.033 INFO [localhost-startStop-1] org.apache.catalina.startup.HostConfig.deployDirectory Deploying web application directory [C:\Program Files (x86)\Apache Software Foundation\Tomcat 8.5\webapps\docs]
09-Sep-2020 19:58:19.167 INFO [localhost-startStop-1] org.apache.catalina.startup.HostConfig.deployDirectory Deployment of web application directory [C:\Program Files (x86)\Apache Software Foundation\Tomcat 8.5\webapps\docs] has finished in [134] ms
09-Sep-2020 19:58:19.167 INFO [localhost-startStop-1] org.apache.catalina.startup.HostConfig.deployDirectory Deploying web application directory [C:\Program Files (x86)\Apache Software Foundation\Tomcat 8.5\webapps\manager]
09-Sep-2020 19:58:19.198 INFO [localhost-startStop-1] org.apache.catalina.startup.HostConfig.deployDirectory Deployment of web application directory [C:\Program Files (x86)\Apache Software Foundation\Tomcat 8.5\webapps\manager] has finished in [31] ms
09-Sep-2020 19:58:19.198 INFO [localhost-startStop-1] org.apache.catalina.startup.HostConfig.deployDirectory Deploying web application directory [C:\Program Files (x86)\Apache Software Foundation\Tomcat 8.5\webapps\or_itay]
09-Sep-2020 19:58:19.212 INFO [localhost-startStop-1] org.apache.catalina.startup.HostConfig.deployDirectory Deployment of web application directory [C:\Program Files (x86)\Apache Software Foundation\Tomcat 8.5\webapps\or_itay] has finished in [14] ms
09-Sep-2020 19:58:19.212 INFO [localhost-startStop-1] org.apache.catalina.startup.HostConfig.deployDirectory Deploying web application directory [C:\Program Files (x86)\Apache Software Foundation\Tomcat 8.5\webapps\ROOT]
09-Sep-2020 19:58:19.226 INFO [localhost-startStop-1] org.apache.catalina.startup.HostConfig.deployDirectory Deployment of web application directory [C:\Program Files (x86)\Apache Software Foundation\Tomcat 8.5\webapps\ROOT] has finished in [14] ms
09-Sep-2020 19:58:19.228 INFO [main] org.apache.coyote.AbstractProtocol.start Starting ProtocolHandler ["http-nio-8080"]
09-Sep-2020 19:58:19.233 INFO [main] org.apache.catalina.startup.Catalina.start Server startup in 219 ms
09-Sep-2020 19:58:28.486 INFO [Thread-4] org.apache.coyote.AbstractProtocol.pause Pausing ProtocolHandler ["http-nio-8080"]
09-Sep-2020 19:58:28.640 INFO [Thread-4] org.apache.catalina.core.StandardService.stopInternal Stopping service [Catalina]
09-Sep-2020 19:58:28.649 INFO [Thread-4] org.apache.coyote.AbstractProtocol.stop Stopping ProtocolHandler ["http-nio-8080"]
09-Sep-2020 19:58:28.650 INFO [Thread-4] org.apache.coyote.AbstractProtocol.destroy Destroying ProtocolHandler ["http-nio-8080"]
09-Sep-2020 20:00:01.664 SEVERE [main] org.apache.catalina.startup.Catalina.stopServer Could not contact [localhost:10001]. Tomcat may not be running.
09-Sep-2020 20:00:01.665 SEVERE [main] org.apache.catalina.startup.Catalina.stopServer Catalina.stop: 
	java.net.ConnectException: Connection refused: connect
		at java.net.DualStackPlainSocketImpl.connect0(Native Method)
		at java.net.DualStackPlainSocketImpl.socketConnect(Unknown Source)
		at java.net.AbstractPlainSocketImpl.doConnect(Unknown Source)
		at java.net.AbstractPlainSocketImpl.connectToAddress(Unknown Source)
		at java.net.AbstractPlainSocketImpl.connect(Unknown Source)
		at java.net.PlainSocketImpl.connect(Unknown Source)
		at java.net.SocksSocketImpl.connect(Unknown Source)
		at java.net.Socket.connect(Unknown Source)
		at java.net.Socket.connect(Unknown Source)
		at java.net.Socket.<init>(Unknown Source)
		at java.net.Socket.<init>(Unknown Source)
		at org.apache.catalina.startup.Catalina.stopServer(Catalina.java:504)
		at sun.reflect.NativeMethodAccessorImpl.invoke0(Native Method)
		at sun.reflect.NativeMethodAccessorImpl.invoke(Unknown Source)
		at sun.reflect.DelegatingMethodAccessorImpl.invoke(Unknown Source)
		at java.lang.reflect.Method.invoke(Unknown Source)
		at org.apache.catalina.startup.Bootstrap.stopServer(Bootstrap.java:388)
		at org.apache.catalina.startup.Bootstrap.main(Bootstrap.java:478)
09-Sep-2020 20:00:19.351 INFO [main] org.apache.catalina.startup.VersionLoggerListener.log Server version name:   Apache Tomcat/8.5.57
09-Sep-2020 20:00:19.353 INFO [main] org.apache.catalina.startup.VersionLoggerListener.log Server built:          Jun 30 2020 21:49:10 UTC
09-Sep-2020 20:00:19.353 INFO [main] org.apache.catalina.startup.VersionLoggerListener.log Server version number: 8.5.57.0
09-Sep-2020 20:00:19.353 INFO [main] org.apache.catalina.startup.VersionLoggerListener.log OS Name:               Windows 10
09-Sep-2020 20:00:19.353 INFO [main] org.apache.catalina.startup.VersionLoggerListener.log OS Version:            10.0
09-Sep-2020 20:00:19.353 INFO [main] org.apache.catalina.startup.VersionLoggerListener.log Architecture:          x86
09-Sep-2020 20:00:19.353 INFO [main] org.apache.catalina.startup.VersionLoggerListener.log Java Home:             C:\Program Files (x86)\Java\jre1.8.0_261
09-Sep-2020 20:00:19.353 INFO [main] org.apache.catalina.startup.VersionLoggerListener.log JVM Version:           1.8.0_261-b12
09-Sep-2020 20:00:19.354 INFO [main] org.apache.catalina.startup.VersionLoggerListener.log JVM Vendor:            Oracle Corporation
09-Sep-2020 20:00:19.354 INFO [main] org.apache.catalina.startup.VersionLoggerListener.log CATALINA_BASE:         C:\Program Files (x86)\Apache Software Foundation\Tomcat 8.5
09-Sep-2020 20:00:19.354 INFO [main] org.apache.catalina.startup.VersionLoggerListener.log CATALINA_HOME:         C:\Program Files (x86)\Apache Software Foundation\Tomcat 8.5
09-Sep-2020 20:00:19.354 INFO [main] org.apache.catalina.startup.VersionLoggerListener.log Command line argument: -Djava.util.logging.config.file=C:\Program Files (x86)\Apache Software Foundation\Tomcat 8.5\conf\logging.properties
09-Sep-2020 20:00:19.354 INFO [main] org.apache.catalina.startup.VersionLoggerListener.log Command line argument: -Djava.util.logging.manager=org.apache.juli.ClassLoaderLogManager
09-Sep-2020 20:00:19.354 INFO [main] org.apache.catalina.startup.VersionLoggerListener.log Command line argument: -Djdk.tls.ephemeralDHKeySize=2048
09-Sep-2020 20:00:19.354 INFO [main] org.apache.catalina.startup.VersionLoggerListener.log Command line argument: -Djava.protocol.handler.pkgs=org.apache.catalina.webresources
09-Sep-2020 20:00:19.354 INFO [main] org.apache.catalina.startup.VersionLoggerListener.log Command line argument: -Dignore.endorsed.dirs=
09-Sep-2020 20:00:19.354 INFO [main] org.apache.catalina.startup.VersionLoggerListener.log Command line argument: -Dcatalina.base=C:\Program Files (x86)\Apache Software Foundation\Tomcat 8.5
09-Sep-2020 20:00:19.355 INFO [main] org.apache.catalina.startup.VersionLoggerListener.log Command line argument: -Dcatalina.home=C:\Program Files (x86)\Apache Software Foundation\Tomcat 8.5
09-Sep-2020 20:00:19.355 INFO [main] org.apache.catalina.startup.VersionLoggerListener.log Command line argument: -Djava.io.tmpdir=C:\Program Files (x86)\Apache Software Foundation\Tomcat 8.5\temp
09-Sep-2020 20:00:19.355 INFO [main] org.apache.catalina.core.AprLifecycleListener.lifecycleEvent The Apache Tomcat Native library which allows using OpenSSL was not found on the java.library.path: [C:\Program Files (x86)\Java\jre1.8.0_261\bin;C:\WINDOWS\Sun\Java\bin;C:\WINDOWS\system32;C:\WINDOWS;C:\Program Files (x86)\Common Files\Oracle\Java\javapath;C:\Windows\system32;C:\Windows;C:\Windows\System32\Wbem;C:\Windows\System32\WindowsPowerShell\v1.0\;C:\Windows\System32\OpenSSH\;C:\Users\Or\.dnx\bin;C:\Program Files\Microsoft DNX\Dnvm\;C:\Program Files\Microsoft SQL Server\120\Tools\Binn\;C:\Program Files\Microsoft SQL Server\130\Tools\Binn\;C:\Program Files (x86)\Windows Kits\8.1\Windows Performance Toolkit\;C:\Program Files\NVIDIA Corporation\NVIDIA NvDLISR;C:\Program Files (x86)\NVIDIA Corporation\PhysX\Common;C:\WINDOWS\system32;C:\WINDOWS;C:\WINDOWS\System32\Wbem;C:\WINDOWS\System32\WindowsPowerShell\v1.0\;C:\WINDOWS\System32\OpenSSH\;C:\Program Files\Git\cmd;C:\Program Files\Java\jdk-13.0.2\bin;C:\Users\Or\AppData\Local\Microsoft\WindowsApps;;C:\Users\Or\AppData\Local\Programs\Microsoft VS Code\bin;.]
09-Sep-2020 20:00:19.429 INFO [main] org.apache.coyote.AbstractProtocol.init Initializing ProtocolHandler ["http-nio-8080"]
09-Sep-2020 20:00:19.597 INFO [main] org.apache.tomcat.util.net.NioSelectorPool.getSharedSelector Using a shared selector for servlet write/read
09-Sep-2020 20:00:19.605 INFO [main] org.apache.catalina.startup.Catalina.load Initialization processed in 447 ms
09-Sep-2020 20:00:19.618 INFO [main] org.apache.catalina.core.StandardService.startInternal Starting service [Catalina]
09-Sep-2020 20:00:19.618 INFO [main] org.apache.catalina.core.StandardEngine.startInternal Starting Servlet Engine: Apache Tomcat/8.5.57
09-Sep-2020 20:00:19.624 INFO [localhost-startStop-1] org.apache.catalina.startup.HostConfig.deployDirectory Deploying web application directory [C:\Program Files (x86)\Apache Software Foundation\Tomcat 8.5\webapps\docs]
09-Sep-2020 20:00:19.754 INFO [localhost-startStop-1] org.apache.catalina.startup.HostConfig.deployDirectory Deployment of web application directory [C:\Program Files (x86)\Apache Software Foundation\Tomcat 8.5\webapps\docs] has finished in [130] ms
09-Sep-2020 20:00:19.754 INFO [localhost-startStop-1] org.apache.catalina.startup.HostConfig.deployDirectory Deploying web application directory [C:\Program Files (x86)\Apache Software Foundation\Tomcat 8.5\webapps\manager]
09-Sep-2020 20:00:19.786 INFO [localhost-startStop-1] org.apache.catalina.startup.HostConfig.deployDirectory Deployment of web application directory [C:\Program Files (x86)\Apache Software Foundation\Tomcat 8.5\webapps\manager] has finished in [32] ms
09-Sep-2020 20:00:19.786 INFO [localhost-startStop-1] org.apache.catalina.startup.HostConfig.deployDirectory Deploying web application directory [C:\Program Files (x86)\Apache Software Foundation\Tomcat 8.5\webapps\or_itay]
09-Sep-2020 20:00:19.802 INFO [localhost-startStop-1] org.apache.catalina.startup.HostConfig.deployDirectory Deployment of web application directory [C:\Program Files (x86)\Apache Software Foundation\Tomcat 8.5\webapps\or_itay] has finished in [16] ms
09-Sep-2020 20:00:19.802 INFO [localhost-startStop-1] org.apache.catalina.startup.HostConfig.deployDirectory Deploying web application directory [C:\Program Files (x86)\Apache Software Foundation\Tomcat 8.5\webapps\ROOT]
09-Sep-2020 20:00:19.815 INFO [localhost-startStop-1] org.apache.catalina.startup.HostConfig.deployDirectory Deployment of web application directory [C:\Program Files (x86)\Apache Software Foundation\Tomcat 8.5\webapps\ROOT] has finished in [13] ms
09-Sep-2020 20:00:19.817 INFO [main] org.apache.coyote.AbstractProtocol.start Starting ProtocolHandler ["http-nio-8080"]
09-Sep-2020 20:00:19.822 INFO [main] org.apache.catalina.startup.Catalina.start Server startup in 216 ms
09-Sep-2020 20:00:29.045 INFO [Thread-4] org.apache.coyote.AbstractProtocol.pause Pausing ProtocolHandler ["http-nio-8080"]
09-Sep-2020 20:00:29.202 INFO [Thread-4] org.apache.catalina.core.StandardService.stopInternal Stopping service [Catalina]
09-Sep-2020 20:00:29.212 INFO [Thread-4] org.apache.coyote.AbstractProtocol.stop Stopping ProtocolHandler ["http-nio-8080"]
09-Sep-2020 20:00:29.213 INFO [Thread-4] org.apache.coyote.AbstractProtocol.destroy Destroying ProtocolHandler ["http-nio-8080"]
09-Sep-2020 20:02:19.936 INFO [main] org.apache.catalina.startup.VersionLoggerListener.log Server version name:   Apache Tomcat/8.5.57
09-Sep-2020 20:02:19.937 INFO [main] org.apache.catalina.startup.VersionLoggerListener.log Server built:          Jun 30 2020 21:49:10 UTC
09-Sep-2020 20:02:19.938 INFO [main] org.apache.catalina.startup.VersionLoggerListener.log Server version number: 8.5.57.0
09-Sep-2020 20:02:19.938 INFO [main] org.apache.catalina.startup.VersionLoggerListener.log OS Name:               Windows 10
09-Sep-2020 20:02:19.938 INFO [main] org.apache.catalina.startup.VersionLoggerListener.log OS Version:            10.0
09-Sep-2020 20:02:19.938 INFO [main] org.apache.catalina.startup.VersionLoggerListener.log Architecture:          x86
09-Sep-2020 20:02:19.938 INFO [main] org.apache.catalina.startup.VersionLoggerListener.log Java Home:             C:\Program Files (x86)\Java\jre1.8.0_261
09-Sep-2020 20:02:19.938 INFO [main] org.apache.catalina.startup.VersionLoggerListener.log JVM Version:           1.8.0_261-b12
09-Sep-2020 20:02:19.938 INFO [main] org.apache.catalina.startup.VersionLoggerListener.log JVM Vendor:            Oracle Corporation
09-Sep-2020 20:02:19.939 INFO [main] org.apache.catalina.startup.VersionLoggerListener.log CATALINA_BASE:         C:\Program Files (x86)\Apache Software Foundation\Tomcat 8.5
09-Sep-2020 20:02:19.939 INFO [main] org.apache.catalina.startup.VersionLoggerListener.log CATALINA_HOME:         C:\Program Files (x86)\Apache Software Foundation\Tomcat 8.5
09-Sep-2020 20:02:19.939 INFO [main] org.apache.catalina.startup.VersionLoggerListener.log Command line argument: -Djava.util.logging.config.file=C:\Program Files (x86)\Apache Software Foundation\Tomcat 8.5\conf\logging.properties
09-Sep-2020 20:02:19.939 INFO [main] org.apache.catalina.startup.VersionLoggerListener.log Command line argument: -Djava.util.logging.manager=org.apache.juli.ClassLoaderLogManager
09-Sep-2020 20:02:19.939 INFO [main] org.apache.catalina.startup.VersionLoggerListener.log Command line argument: -Djdk.tls.ephemeralDHKeySize=2048
09-Sep-2020 20:02:19.939 INFO [main] org.apache.catalina.startup.VersionLoggerListener.log Command line argument: -Djava.protocol.handler.pkgs=org.apache.catalina.webresources
09-Sep-2020 20:02:19.939 INFO [main] org.apache.catalina.startup.VersionLoggerListener.log Command line argument: -Dignore.endorsed.dirs=
09-Sep-2020 20:02:19.939 INFO [main] org.apache.catalina.startup.VersionLoggerListener.log Command line argument: -Dcatalina.base=C:\Program Files (x86)\Apache Software Foundation\Tomcat 8.5
09-Sep-2020 20:02:19.940 INFO [main] org.apache.catalina.startup.VersionLoggerListener.log Command line argument: -Dcatalina.home=C:\Program Files (x86)\Apache Software Foundation\Tomcat 8.5
09-Sep-2020 20:02:19.941 INFO [main] org.apache.catalina.startup.VersionLoggerListener.log Command line argument: -Djava.io.tmpdir=C:\Program Files (x86)\Apache Software Foundation\Tomcat 8.5\temp
09-Sep-2020 20:02:19.942 INFO [main] org.apache.catalina.core.AprLifecycleListener.lifecycleEvent The Apache Tomcat Native library which allows using OpenSSL was not found on the java.library.path: [C:\Program Files (x86)\Java\jre1.8.0_261\bin;C:\WINDOWS\Sun\Java\bin;C:\WINDOWS\system32;C:\WINDOWS;C:\Program Files (x86)\Common Files\Oracle\Java\javapath;C:\Windows\system32;C:\Windows;C:\Windows\System32\Wbem;C:\Windows\System32\WindowsPowerShell\v1.0\;C:\Windows\System32\OpenSSH\;C:\Users\Or\.dnx\bin;C:\Program Files\Microsoft DNX\Dnvm\;C:\Program Files\Microsoft SQL Server\120\Tools\Binn\;C:\Program Files\Microsoft SQL Server\130\Tools\Binn\;C:\Program Files (x86)\Windows Kits\8.1\Windows Performance Toolkit\;C:\Program Files\NVIDIA Corporation\NVIDIA NvDLISR;C:\Program Files (x86)\NVIDIA Corporation\PhysX\Common;C:\WINDOWS\system32;C:\WINDOWS;C:\WINDOWS\System32\Wbem;C:\WINDOWS\System32\WindowsPowerShell\v1.0\;C:\WINDOWS\System32\OpenSSH\;C:\Program Files\Git\cmd;C:\Program Files\Java\jdk-13.0.2\bin;C:\Users\Or\AppData\Local\Microsoft\WindowsApps;;C:\Users\Or\AppData\Local\Programs\Microsoft VS Code\bin;.]
09-Sep-2020 20:02:20.018 INFO [main] org.apache.coyote.AbstractProtocol.init Initializing ProtocolHandler ["http-nio-8080"]
09-Sep-2020 20:02:20.186 INFO [main] org.apache.tomcat.util.net.NioSelectorPool.getSharedSelector Using a shared selector for servlet write/read
09-Sep-2020 20:02:20.195 INFO [main] org.apache.catalina.startup.Catalina.load Initialization processed in 454 ms
09-Sep-2020 20:02:20.208 INFO [main] org.apache.catalina.core.StandardService.startInternal Starting service [Catalina]
09-Sep-2020 20:02:20.208 INFO [main] org.apache.catalina.core.StandardEngine.startInternal Starting Servlet Engine: Apache Tomcat/8.5.57
09-Sep-2020 20:02:20.216 INFO [localhost-startStop-1] org.apache.catalina.startup.HostConfig.deployDirectory Deploying web application directory [C:\Program Files (x86)\Apache Software Foundation\Tomcat 8.5\webapps\docs]
09-Sep-2020 20:02:20.346 INFO [localhost-startStop-1] org.apache.catalina.startup.HostConfig.deployDirectory Deployment of web application directory [C:\Program Files (x86)\Apache Software Foundation\Tomcat 8.5\webapps\docs] has finished in [130] ms
09-Sep-2020 20:02:20.347 INFO [localhost-startStop-1] org.apache.catalina.startup.HostConfig.deployDirectory Deploying web application directory [C:\Program Files (x86)\Apache Software Foundation\Tomcat 8.5\webapps\manager]
09-Sep-2020 20:02:20.379 INFO [localhost-startStop-1] org.apache.catalina.startup.HostConfig.deployDirectory Deployment of web application directory [C:\Program Files (x86)\Apache Software Foundation\Tomcat 8.5\webapps\manager] has finished in [32] ms
09-Sep-2020 20:02:20.380 INFO [localhost-startStop-1] org.apache.catalina.startup.HostConfig.deployDirectory Deploying web application directory [C:\Program Files (x86)\Apache Software Foundation\Tomcat 8.5\webapps\or_itay]
09-Sep-2020 20:02:20.395 INFO [localhost-startStop-1] org.apache.catalina.startup.HostConfig.deployDirectory Deployment of web application directory [C:\Program Files (x86)\Apache Software Foundation\Tomcat 8.5\webapps\or_itay] has finished in [15] ms
09-Sep-2020 20:02:20.395 INFO [localhost-startStop-1] org.apache.catalina.startup.HostConfig.deployDirectory Deploying web application directory [C:\Program Files (x86)\Apache Software Foundation\Tomcat 8.5\webapps\ROOT]
09-Sep-2020 20:02:20.410 INFO [localhost-startStop-1] org.apache.catalina.startup.HostConfig.deployDirectory Deployment of web application directory [C:\Program Files (x86)\Apache Software Foundation\Tomcat 8.5\webapps\ROOT] has finished in [15] ms
09-Sep-2020 20:02:20.411 INFO [main] org.apache.coyote.AbstractProtocol.start Starting ProtocolHandler ["http-nio-8080"]
09-Sep-2020 20:02:20.417 INFO [main] org.apache.catalina.startup.Catalina.start Server startup in 221 ms
09-Sep-2020 23:40:29.443 INFO [main] org.apache.catalina.startup.VersionLoggerListener.log Server version name:   Apache Tomcat/8.5.57
09-Sep-2020 23:40:29.453 INFO [main] org.apache.catalina.startup.VersionLoggerListener.log Server built:          Jun 30 2020 21:49:10 UTC
09-Sep-2020 23:40:29.453 INFO [main] org.apache.catalina.startup.VersionLoggerListener.log Server version number: 8.5.57.0
09-Sep-2020 23:40:29.453 INFO [main] org.apache.catalina.startup.VersionLoggerListener.log OS Name:               Windows 10
09-Sep-2020 23:40:29.453 INFO [main] org.apache.catalina.startup.VersionLoggerListener.log OS Version:            10.0
09-Sep-2020 23:40:29.453 INFO [main] org.apache.catalina.startup.VersionLoggerListener.log Architecture:          x86
09-Sep-2020 23:40:29.453 INFO [main] org.apache.catalina.startup.VersionLoggerListener.log Java Home:             C:\Program Files (x86)\Java\jre1.8.0_261
09-Sep-2020 23:40:29.453 INFO [main] org.apache.catalina.startup.VersionLoggerListener.log JVM Version:           1.8.0_261-b12
09-Sep-2020 23:40:29.453 INFO [main] org.apache.catalina.startup.VersionLoggerListener.log JVM Vendor:            Oracle Corporation
09-Sep-2020 23:40:29.453 INFO [main] org.apache.catalina.startup.VersionLoggerListener.log CATALINA_BASE:         C:\Program Files (x86)\Apache Software Foundation\Tomcat 8.5
09-Sep-2020 23:40:29.453 INFO [main] org.apache.catalina.startup.VersionLoggerListener.log CATALINA_HOME:         C:\Program Files (x86)\Apache Software Foundation\Tomcat 8.5
09-Sep-2020 23:40:29.453 INFO [main] org.apache.catalina.startup.VersionLoggerListener.log Command line argument: -Dcatalina.home=C:\Program Files (x86)\Apache Software Foundation\Tomcat 8.5
09-Sep-2020 23:40:29.453 INFO [main] org.apache.catalina.startup.VersionLoggerListener.log Command line argument: -Dcatalina.base=C:\Program Files (x86)\Apache Software Foundation\Tomcat 8.5
09-Sep-2020 23:40:29.453 INFO [main] org.apache.catalina.startup.VersionLoggerListener.log Command line argument: -Djava.io.tmpdir=C:\Program Files (x86)\Apache Software Foundation\Tomcat 8.5\temp
09-Sep-2020 23:40:29.454 INFO [main] org.apache.catalina.startup.VersionLoggerListener.log Command line argument: -Djava.util.logging.manager=org.apache.juli.ClassLoaderLogManager
09-Sep-2020 23:40:29.454 INFO [main] org.apache.catalina.startup.VersionLoggerListener.log Command line argument: -Djava.util.logging.config.file=C:\Program Files (x86)\Apache Software Foundation\Tomcat 8.5\conf\logging.properties
09-Sep-2020 23:40:29.454 INFO [main] org.apache.catalina.startup.VersionLoggerListener.log Command line argument: exit
09-Sep-2020 23:40:29.454 INFO [main] org.apache.catalina.startup.VersionLoggerListener.log Command line argument: abort
09-Sep-2020 23:40:29.454 INFO [main] org.apache.catalina.startup.VersionLoggerListener.log Command line argument: -Xms128m
09-Sep-2020 23:40:29.454 INFO [main] org.apache.catalina.startup.VersionLoggerListener.log Command line argument: -Xmx256m
09-Sep-2020 23:40:29.454 INFO [main] org.apache.catalina.core.AprLifecycleListener.lifecycleEvent The Apache Tomcat Native library which allows using OpenSSL was not found on the java.library.path: [C:\Program Files (x86)\Apache Software Foundation\Tomcat 8.5\bin;C:\WINDOWS\Sun\Java\bin;C:\WINDOWS\system32;C:\WINDOWS;C:\Program Files (x86)\Java\jre1.8.0_261\bin;C:\Program Files (x86)\Common Files\Oracle\Java\javapath;C:\Windows\system32;C:\Windows;C:\Windows\System32\Wbem;C:\Windows\System32\WindowsPowerShell\v1.0\;C:\Windows\System32\OpenSSH\;C:\Users\Or\.dnx\bin;C:\Program Files\Microsoft DNX\Dnvm\;C:\Program Files\Microsoft SQL Server\120\Tools\Binn\;C:\Program Files\Microsoft SQL Server\130\Tools\Binn\;C:\Program Files (x86)\Windows Kits\8.1\Windows Performance Toolkit\;C:\Program Files\NVIDIA Corporation\NVIDIA NvDLISR;C:\Program Files (x86)\NVIDIA Corporation\PhysX\Common;C:\WINDOWS\system32;C:\WINDOWS;C:\WINDOWS\System32\Wbem;C:\WINDOWS\System32\WindowsPowerShell\v1.0\;C:\WINDOWS\System32\OpenSSH\;C:\Program Files\Git\cmd;C:\Program Files\Java\jdk-13.0.2\bin;C:\WINDOWS\ServiceProfiles\LocalService\AppData\Local\Microsoft\WindowsApps;.]
09-Sep-2020 23:40:29.731 INFO [main] org.apache.coyote.AbstractProtocol.init Initializing ProtocolHandler ["http-nio-8080"]
09-Sep-2020 23:40:29.904 INFO [main] org.apache.tomcat.util.net.NioSelectorPool.getSharedSelector Using a shared selector for servlet write/read
09-Sep-2020 23:40:29.911 INFO [main] org.apache.catalina.startup.Catalina.load Initialization processed in 695 ms
09-Sep-2020 23:40:29.924 INFO [main] org.apache.catalina.core.StandardService.startInternal Starting service [Catalina]
09-Sep-2020 23:40:29.924 INFO [main] org.apache.catalina.core.StandardEngine.startInternal Starting Servlet Engine: Apache Tomcat/8.5.57
09-Sep-2020 23:40:29.929 INFO [localhost-startStop-1] org.apache.catalina.startup.HostConfig.deployDirectory Deploying web application directory [C:\Program Files (x86)\Apache Software Foundation\Tomcat 8.5\webapps\docs]
09-Sep-2020 23:40:30.059 INFO [localhost-startStop-1] org.apache.catalina.startup.HostConfig.deployDirectory Deployment of web application directory [C:\Program Files (x86)\Apache Software Foundation\Tomcat 8.5\webapps\docs] has finished in [129] ms
09-Sep-2020 23:40:30.059 INFO [localhost-startStop-1] org.apache.catalina.startup.HostConfig.deployDirectory Deploying web application directory [C:\Program Files (x86)\Apache Software Foundation\Tomcat 8.5\webapps\manager]
09-Sep-2020 23:40:30.084 INFO [localhost-startStop-1] org.apache.catalina.startup.HostConfig.deployDirectory Deployment of web application directory [C:\Program Files (x86)\Apache Software Foundation\Tomcat 8.5\webapps\manager] has finished in [25] ms
09-Sep-2020 23:40:30.084 INFO [localhost-startStop-1] org.apache.catalina.startup.HostConfig.deployDirectory Deploying web application directory [C:\Program Files (x86)\Apache Software Foundation\Tomcat 8.5\webapps\or_itay]
09-Sep-2020 23:40:30.098 INFO [localhost-startStop-1] org.apache.catalina.startup.HostConfig.deployDirectory Deployment of web application directory [C:\Program Files (x86)\Apache Software Foundation\Tomcat 8.5\webapps\or_itay] has finished in [14] ms
09-Sep-2020 23:40:30.098 INFO [localhost-startStop-1] org.apache.catalina.startup.HostConfig.deployDirectory Deploying web application directory [C:\Program Files (x86)\Apache Software Foundation\Tomcat 8.5\webapps\ROOT]
09-Sep-2020 23:40:30.109 INFO [localhost-startStop-1] org.apache.catalina.startup.HostConfig.deployDirectory Deployment of web application directory [C:\Program Files (x86)\Apache Software Foundation\Tomcat 8.5\webapps\ROOT] has finished in [11] ms
09-Sep-2020 23:40:30.110 INFO [main] org.apache.coyote.AbstractProtocol.start Starting ProtocolHandler ["http-nio-8080"]
09-Sep-2020 23:40:30.115 INFO [main] org.apache.catalina.startup.Catalina.start Server startup in 204 ms
