[2020-09-10 01:28:01] [info]  [10040] Apache Commons Daemon procrun (1.2.2.0 32-bit) started.
[2020-09-10 01:28:01] [info]  [10040] Running Service 'Tomcat8'...
[2020-09-10 01:28:01] [info]  [21820] Starting service...
[2020-09-10 01:28:02] [info]  [21820] Service started in 1078 milliseconds.
[2020-09-10 02:19:59] [info]  [ 3380] Console SHUTDOWN event signaled.
[2020-09-10 02:19:59] [info]  [ 3380] Stopping service...
[2020-09-10 02:20:00] [info]  [ 3380] Service stop thread completed.
[2020-09-10 02:20:00] [info]  [10040] Run service finished.
[2020-09-10 02:20:00] [info]  [10040] Apache Commons Daemon procrun finished.
[2020-09-10 17:29:23] [info]  [11864] Apache Commons Daemon procrun (1.2.2.0 32-bit) started.
[2020-09-10 17:29:23] [info]  [11864] Running Service 'Tomcat8'...
[2020-09-10 17:29:23] [info]  [ 4536] Starting service...
[2020-09-10 17:29:25] [info]  [ 4536] Service started in 1340 milliseconds.
[2020-09-10 17:58:51] [info]  [12480] Stopping service...
[2020-09-10 17:58:52] [info]  [12480] Service stop thread completed.
[2020-09-10 17:58:52] [info]  [11864] Run service finished.
[2020-09-10 17:58:52] [info]  [11864] Apache Commons Daemon procrun finished.
[2020-09-10 17:59:58] [info]  [ 6192] Apache Commons Daemon procrun (1.2.2.0 32-bit) started.
[2020-09-10 17:59:58] [info]  [ 6192] Running Service 'Tomcat8'...
[2020-09-10 17:59:58] [info]  [ 8528] Starting service...
[2020-09-10 17:59:59] [info]  [ 8528] Service started in 1072 milliseconds.
