
2020-08-30 17:41:24 Apache Commons Daemon procrun stderr initialized.
30-Aug-2020 17:41:25.690 INFO [main] org.apache.catalina.startup.VersionLoggerListener.log Server version name:   Apache Tomcat/8.5.57
30-Aug-2020 17:41:25.703 INFO [main] org.apache.catalina.startup.VersionLoggerListener.log Server built:          Jun 30 2020 21:49:10 UTC
30-Aug-2020 17:41:25.703 INFO [main] org.apache.catalina.startup.VersionLoggerListener.log Server version number: 8.5.57.0
30-Aug-2020 17:41:25.703 INFO [main] org.apache.catalina.startup.VersionLoggerListener.log OS Name:               Windows 10
30-Aug-2020 17:41:25.703 INFO [main] org.apache.catalina.startup.VersionLoggerListener.log OS Version:            10.0
30-Aug-2020 17:41:25.703 INFO [main] org.apache.catalina.startup.VersionLoggerListener.log Architecture:          x86
30-Aug-2020 17:41:25.703 INFO [main] org.apache.catalina.startup.VersionLoggerListener.log Java Home:             C:\Program Files (x86)\Java\jre1.8.0_261
30-Aug-2020 17:41:25.703 INFO [main] org.apache.catalina.startup.VersionLoggerListener.log JVM Version:           1.8.0_261-b12
30-Aug-2020 17:41:25.703 INFO [main] org.apache.catalina.startup.VersionLoggerListener.log JVM Vendor:            Oracle Corporation
30-Aug-2020 17:41:25.704 INFO [main] org.apache.catalina.startup.VersionLoggerListener.log CATALINA_BASE:         C:\Program Files (x86)\Apache Software Foundation\Tomcat 8.5
30-Aug-2020 17:41:25.704 INFO [main] org.apache.catalina.startup.VersionLoggerListener.log CATALINA_HOME:         C:\Program Files (x86)\Apache Software Foundation\Tomcat 8.5
30-Aug-2020 17:41:25.704 INFO [main] org.apache.catalina.startup.VersionLoggerListener.log Command line argument: -Dcatalina.home=C:\Program Files (x86)\Apache Software Foundation\Tomcat 8.5
30-Aug-2020 17:41:25.704 INFO [main] org.apache.catalina.startup.VersionLoggerListener.log Command line argument: -Dcatalina.base=C:\Program Files (x86)\Apache Software Foundation\Tomcat 8.5
30-Aug-2020 17:41:25.704 INFO [main] org.apache.catalina.startup.VersionLoggerListener.log Command line argument: -Djava.io.tmpdir=C:\Program Files (x86)\Apache Software Foundation\Tomcat 8.5\temp
30-Aug-2020 17:41:25.704 INFO [main] org.apache.catalina.startup.VersionLoggerListener.log Command line argument: -Djava.util.logging.manager=org.apache.juli.ClassLoaderLogManager
30-Aug-2020 17:41:25.704 INFO [main] org.apache.catalina.startup.VersionLoggerListener.log Command line argument: -Djava.util.logging.config.file=C:\Program Files (x86)\Apache Software Foundation\Tomcat 8.5\conf\logging.properties
30-Aug-2020 17:41:25.704 INFO [main] org.apache.catalina.startup.VersionLoggerListener.log Command line argument: exit
30-Aug-2020 17:41:25.704 INFO [main] org.apache.catalina.startup.VersionLoggerListener.log Command line argument: abort
30-Aug-2020 17:41:25.704 INFO [main] org.apache.catalina.startup.VersionLoggerListener.log Command line argument: -Xms128m
30-Aug-2020 17:41:25.704 INFO [main] org.apache.catalina.startup.VersionLoggerListener.log Command line argument: -Xmx256m
30-Aug-2020 17:41:25.704 INFO [main] org.apache.catalina.core.AprLifecycleListener.lifecycleEvent The Apache Tomcat Native library which allows using OpenSSL was not found on the java.library.path: [C:\Program Files (x86)\Apache Software Foundation\Tomcat 8.5\bin;C:\WINDOWS\Sun\Java\bin;C:\WINDOWS\system32;C:\WINDOWS;C:\Program Files (x86)\Java\jre1.8.0_261\bin;C:\Program Files (x86)\Common Files\Oracle\Java\javapath;C:\Windows\system32;C:\Windows;C:\Windows\System32\Wbem;C:\Windows\System32\WindowsPowerShell\v1.0\;C:\Windows\System32\OpenSSH\;C:\Users\Or\.dnx\bin;C:\Program Files\Microsoft DNX\Dnvm\;C:\Program Files\Microsoft SQL Server\120\Tools\Binn\;C:\Program Files\Microsoft SQL Server\130\Tools\Binn\;C:\Program Files (x86)\Windows Kits\8.1\Windows Performance Toolkit\;C:\Program Files\NVIDIA Corporation\NVIDIA NvDLISR;C:\Program Files (x86)\NVIDIA Corporation\PhysX\Common;C:\WINDOWS\system32;C:\WINDOWS;C:\WINDOWS\System32\Wbem;C:\WINDOWS\System32\WindowsPowerShell\v1.0\;C:\WINDOWS\System32\OpenSSH\;C:\Program Files\Git\cmd;C:\Program Files\Java\jdk-13.0.2\bin;C:\WINDOWS\ServiceProfiles\LocalService\AppData\Local\Microsoft\WindowsApps;.]
30-Aug-2020 17:41:26.064 INFO [main] org.apache.coyote.AbstractProtocol.init Initializing ProtocolHandler ["http-nio-8080"]
30-Aug-2020 17:41:26.269 INFO [main] org.apache.tomcat.util.net.NioSelectorPool.getSharedSelector Using a shared selector for servlet write/read
30-Aug-2020 17:41:26.277 INFO [main] org.apache.catalina.startup.Catalina.load Initialization processed in 902 ms
30-Aug-2020 17:41:26.300 INFO [main] org.apache.catalina.core.StandardService.startInternal Starting service [Catalina]
30-Aug-2020 17:41:26.300 INFO [main] org.apache.catalina.core.StandardEngine.startInternal Starting Servlet Engine: Apache Tomcat/8.5.57
30-Aug-2020 17:41:26.306 INFO [localhost-startStop-1] org.apache.catalina.startup.HostConfig.deployDirectory Deploying web application directory [C:\Program Files (x86)\Apache Software Foundation\Tomcat 8.5\webapps\docs]
30-Aug-2020 17:41:26.450 INFO [localhost-startStop-1] org.apache.catalina.startup.HostConfig.deployDirectory Deployment of web application directory [C:\Program Files (x86)\Apache Software Foundation\Tomcat 8.5\webapps\docs] has finished in [144] ms
30-Aug-2020 17:41:26.450 INFO [localhost-startStop-1] org.apache.catalina.startup.HostConfig.deployDirectory Deploying web application directory [C:\Program Files (x86)\Apache Software Foundation\Tomcat 8.5\webapps\manager]
30-Aug-2020 17:41:26.478 INFO [localhost-startStop-1] org.apache.catalina.startup.HostConfig.deployDirectory Deployment of web application directory [C:\Program Files (x86)\Apache Software Foundation\Tomcat 8.5\webapps\manager] has finished in [28] ms
30-Aug-2020 17:41:26.478 INFO [localhost-startStop-1] org.apache.catalina.startup.HostConfig.deployDirectory Deploying web application directory [C:\Program Files (x86)\Apache Software Foundation\Tomcat 8.5\webapps\ROOT]
30-Aug-2020 17:41:26.490 INFO [localhost-startStop-1] org.apache.catalina.startup.HostConfig.deployDirectory Deployment of web application directory [C:\Program Files (x86)\Apache Software Foundation\Tomcat 8.5\webapps\ROOT] has finished in [12] ms
30-Aug-2020 17:41:26.491 INFO [main] org.apache.coyote.AbstractProtocol.start Starting ProtocolHandler ["http-nio-8080"]
30-Aug-2020 17:41:26.497 INFO [main] org.apache.catalina.startup.Catalina.start Server startup in 219 ms
30-Aug-2020 17:56:47.436 INFO [localhost-startStop-2] org.apache.catalina.startup.HostConfig.deployDirectory Deploying web application directory [C:\Program Files (x86)\Apache Software Foundation\Tomcat 8.5\webapps\New folder]
30-Aug-2020 17:56:47.452 INFO [localhost-startStop-2] org.apache.catalina.startup.HostConfig.deployDirectory Deployment of web application directory [C:\Program Files (x86)\Apache Software Foundation\Tomcat 8.5\webapps\New folder] has finished in [16] ms
30-Aug-2020 17:57:07.982 INFO [ContainerBackgroundProcessor[StandardEngine[Catalina]]] org.apache.catalina.startup.HostConfig.undeploy Undeploying context [/New folder]
30-Aug-2020 17:57:07.993 INFO [localhost-startStop-3] org.apache.catalina.startup.HostConfig.deployDirectory Deploying web application directory [C:\Program Files (x86)\Apache Software Foundation\Tomcat 8.5\webapps\orbarapp1]
30-Aug-2020 17:57:08.007 INFO [localhost-startStop-3] org.apache.catalina.startup.HostConfig.deployDirectory Deployment of web application directory [C:\Program Files (x86)\Apache Software Foundation\Tomcat 8.5\webapps\orbarapp1] has finished in [14] ms
