
2020-09-06 16:52:30 Apache Commons Daemon procrun stderr initialized.
06-Sep-2020 16:52:32.073 INFO [main] org.apache.catalina.startup.VersionLoggerListener.log Server version name:   Apache Tomcat/8.5.57
06-Sep-2020 16:52:32.085 INFO [main] org.apache.catalina.startup.VersionLoggerListener.log Server built:          Jun 30 2020 21:49:10 UTC
06-Sep-2020 16:52:32.085 INFO [main] org.apache.catalina.startup.VersionLoggerListener.log Server version number: 8.5.57.0
06-Sep-2020 16:52:32.085 INFO [main] org.apache.catalina.startup.VersionLoggerListener.log OS Name:               Windows 10
06-Sep-2020 16:52:32.085 INFO [main] org.apache.catalina.startup.VersionLoggerListener.log OS Version:            10.0
06-Sep-2020 16:52:32.085 INFO [main] org.apache.catalina.startup.VersionLoggerListener.log Architecture:          x86
06-Sep-2020 16:52:32.085 INFO [main] org.apache.catalina.startup.VersionLoggerListener.log Java Home:             C:\Program Files (x86)\Java\jre1.8.0_261
06-Sep-2020 16:52:32.085 INFO [main] org.apache.catalina.startup.VersionLoggerListener.log JVM Version:           1.8.0_261-b12
06-Sep-2020 16:52:32.085 INFO [main] org.apache.catalina.startup.VersionLoggerListener.log JVM Vendor:            Oracle Corporation
06-Sep-2020 16:52:32.086 INFO [main] org.apache.catalina.startup.VersionLoggerListener.log CATALINA_BASE:         C:\Program Files (x86)\Apache Software Foundation\Tomcat 8.5
06-Sep-2020 16:52:32.086 INFO [main] org.apache.catalina.startup.VersionLoggerListener.log CATALINA_HOME:         C:\Program Files (x86)\Apache Software Foundation\Tomcat 8.5
06-Sep-2020 16:52:32.086 INFO [main] org.apache.catalina.startup.VersionLoggerListener.log Command line argument: -Dcatalina.home=C:\Program Files (x86)\Apache Software Foundation\Tomcat 8.5
06-Sep-2020 16:52:32.086 INFO [main] org.apache.catalina.startup.VersionLoggerListener.log Command line argument: -Dcatalina.base=C:\Program Files (x86)\Apache Software Foundation\Tomcat 8.5
06-Sep-2020 16:52:32.086 INFO [main] org.apache.catalina.startup.VersionLoggerListener.log Command line argument: -Djava.io.tmpdir=C:\Program Files (x86)\Apache Software Foundation\Tomcat 8.5\temp
06-Sep-2020 16:52:32.086 INFO [main] org.apache.catalina.startup.VersionLoggerListener.log Command line argument: -Djava.util.logging.manager=org.apache.juli.ClassLoaderLogManager
06-Sep-2020 16:52:32.086 INFO [main] org.apache.catalina.startup.VersionLoggerListener.log Command line argument: -Djava.util.logging.config.file=C:\Program Files (x86)\Apache Software Foundation\Tomcat 8.5\conf\logging.properties
06-Sep-2020 16:52:32.086 INFO [main] org.apache.catalina.startup.VersionLoggerListener.log Command line argument: exit
06-Sep-2020 16:52:32.086 INFO [main] org.apache.catalina.startup.VersionLoggerListener.log Command line argument: abort
06-Sep-2020 16:52:32.086 INFO [main] org.apache.catalina.startup.VersionLoggerListener.log Command line argument: -Xms128m
06-Sep-2020 16:52:32.086 INFO [main] org.apache.catalina.startup.VersionLoggerListener.log Command line argument: -Xmx256m
06-Sep-2020 16:52:32.086 INFO [main] org.apache.catalina.core.AprLifecycleListener.lifecycleEvent The Apache Tomcat Native library which allows using OpenSSL was not found on the java.library.path: [C:\Program Files (x86)\Apache Software Foundation\Tomcat 8.5\bin;C:\WINDOWS\Sun\Java\bin;C:\WINDOWS\system32;C:\WINDOWS;C:\Program Files (x86)\Java\jre1.8.0_261\bin;C:\Program Files (x86)\Common Files\Oracle\Java\javapath;C:\Windows\system32;C:\Windows;C:\Windows\System32\Wbem;C:\Windows\System32\WindowsPowerShell\v1.0\;C:\Windows\System32\OpenSSH\;C:\Users\Or\.dnx\bin;C:\Program Files\Microsoft DNX\Dnvm\;C:\Program Files\Microsoft SQL Server\120\Tools\Binn\;C:\Program Files\Microsoft SQL Server\130\Tools\Binn\;C:\Program Files (x86)\Windows Kits\8.1\Windows Performance Toolkit\;C:\Program Files\NVIDIA Corporation\NVIDIA NvDLISR;C:\Program Files (x86)\NVIDIA Corporation\PhysX\Common;C:\WINDOWS\system32;C:\WINDOWS;C:\WINDOWS\System32\Wbem;C:\WINDOWS\System32\WindowsPowerShell\v1.0\;C:\WINDOWS\System32\OpenSSH\;C:\Program Files\Git\cmd;C:\Program Files\Java\jdk-13.0.2\bin;C:\WINDOWS\ServiceProfiles\LocalService\AppData\Local\Microsoft\WindowsApps;.]
06-Sep-2020 16:52:32.419 INFO [main] org.apache.coyote.AbstractProtocol.init Initializing ProtocolHandler ["http-nio-8080"]
06-Sep-2020 16:52:32.606 INFO [main] org.apache.tomcat.util.net.NioSelectorPool.getSharedSelector Using a shared selector for servlet write/read
06-Sep-2020 16:52:32.614 INFO [main] org.apache.catalina.startup.Catalina.load Initialization processed in 870 ms
06-Sep-2020 16:52:32.633 INFO [main] org.apache.catalina.core.StandardService.startInternal Starting service [Catalina]
06-Sep-2020 16:52:32.633 INFO [main] org.apache.catalina.core.StandardEngine.startInternal Starting Servlet Engine: Apache Tomcat/8.5.57
06-Sep-2020 16:52:32.638 INFO [localhost-startStop-1] org.apache.catalina.startup.HostConfig.deployDirectory Deploying web application directory [C:\Program Files (x86)\Apache Software Foundation\Tomcat 8.5\webapps\docs]
06-Sep-2020 16:52:32.790 INFO [localhost-startStop-1] org.apache.catalina.startup.HostConfig.deployDirectory Deployment of web application directory [C:\Program Files (x86)\Apache Software Foundation\Tomcat 8.5\webapps\docs] has finished in [152] ms
06-Sep-2020 16:52:32.790 INFO [localhost-startStop-1] org.apache.catalina.startup.HostConfig.deployDirectory Deploying web application directory [C:\Program Files (x86)\Apache Software Foundation\Tomcat 8.5\webapps\manager]
06-Sep-2020 16:52:32.818 INFO [localhost-startStop-1] org.apache.catalina.startup.HostConfig.deployDirectory Deployment of web application directory [C:\Program Files (x86)\Apache Software Foundation\Tomcat 8.5\webapps\manager] has finished in [28] ms
06-Sep-2020 16:52:32.818 INFO [localhost-startStop-1] org.apache.catalina.startup.HostConfig.deployDirectory Deploying web application directory [C:\Program Files (x86)\Apache Software Foundation\Tomcat 8.5\webapps\or_itay]
06-Sep-2020 16:52:32.833 INFO [localhost-startStop-1] org.apache.catalina.startup.HostConfig.deployDirectory Deployment of web application directory [C:\Program Files (x86)\Apache Software Foundation\Tomcat 8.5\webapps\or_itay] has finished in [15] ms
06-Sep-2020 16:52:32.833 INFO [localhost-startStop-1] org.apache.catalina.startup.HostConfig.deployDirectory Deploying web application directory [C:\Program Files (x86)\Apache Software Foundation\Tomcat 8.5\webapps\ROOT]
06-Sep-2020 16:52:32.844 INFO [localhost-startStop-1] org.apache.catalina.startup.HostConfig.deployDirectory Deployment of web application directory [C:\Program Files (x86)\Apache Software Foundation\Tomcat 8.5\webapps\ROOT] has finished in [11] ms
06-Sep-2020 16:52:32.845 INFO [main] org.apache.coyote.AbstractProtocol.start Starting ProtocolHandler ["http-nio-8080"]
06-Sep-2020 16:52:32.850 INFO [main] org.apache.catalina.startup.Catalina.start Server startup in 236 ms
06-Sep-2020 16:52:59.814 INFO [Thread-5] org.apache.coyote.AbstractProtocol.pause Pausing ProtocolHandler ["http-nio-8080"]
06-Sep-2020 16:52:59.969 INFO [Thread-5] org.apache.catalina.core.StandardService.stopInternal Stopping service [Catalina]
06-Sep-2020 16:52:59.984 INFO [Thread-5] org.apache.coyote.AbstractProtocol.stop Stopping ProtocolHandler ["http-nio-8080"]
06-Sep-2020 16:52:59.988 INFO [Thread-5] org.apache.coyote.AbstractProtocol.destroy Destroying ProtocolHandler ["http-nio-8080"]

2020-09-06 17:04:22 Apache Commons Daemon procrun stderr initialized.
06-Sep-2020 17:04:22.608 INFO [main] org.apache.catalina.startup.VersionLoggerListener.log Server version name:   Apache Tomcat/8.5.57
06-Sep-2020 17:04:22.610 INFO [main] org.apache.catalina.startup.VersionLoggerListener.log Server built:          Jun 30 2020 21:49:10 UTC
06-Sep-2020 17:04:22.610 INFO [main] org.apache.catalina.startup.VersionLoggerListener.log Server version number: 8.5.57.0
06-Sep-2020 17:04:22.610 INFO [main] org.apache.catalina.startup.VersionLoggerListener.log OS Name:               Windows 10
06-Sep-2020 17:04:22.610 INFO [main] org.apache.catalina.startup.VersionLoggerListener.log OS Version:            10.0
06-Sep-2020 17:04:22.610 INFO [main] org.apache.catalina.startup.VersionLoggerListener.log Architecture:          x86
06-Sep-2020 17:04:22.610 INFO [main] org.apache.catalina.startup.VersionLoggerListener.log Java Home:             C:\Program Files (x86)\Java\jre1.8.0_261
06-Sep-2020 17:04:22.610 INFO [main] org.apache.catalina.startup.VersionLoggerListener.log JVM Version:           1.8.0_261-b12
06-Sep-2020 17:04:22.610 INFO [main] org.apache.catalina.startup.VersionLoggerListener.log JVM Vendor:            Oracle Corporation
06-Sep-2020 17:04:22.610 INFO [main] org.apache.catalina.startup.VersionLoggerListener.log CATALINA_BASE:         C:\Program Files (x86)\Apache Software Foundation\Tomcat 8.5
06-Sep-2020 17:04:22.610 INFO [main] org.apache.catalina.startup.VersionLoggerListener.log CATALINA_HOME:         C:\Program Files (x86)\Apache Software Foundation\Tomcat 8.5
06-Sep-2020 17:04:22.610 INFO [main] org.apache.catalina.startup.VersionLoggerListener.log Command line argument: -Dcatalina.home=C:\Program Files (x86)\Apache Software Foundation\Tomcat 8.5
06-Sep-2020 17:04:22.610 INFO [main] org.apache.catalina.startup.VersionLoggerListener.log Command line argument: -Dcatalina.base=C:\Program Files (x86)\Apache Software Foundation\Tomcat 8.5
06-Sep-2020 17:04:22.610 INFO [main] org.apache.catalina.startup.VersionLoggerListener.log Command line argument: -Djava.io.tmpdir=C:\Program Files (x86)\Apache Software Foundation\Tomcat 8.5\temp
06-Sep-2020 17:04:22.610 INFO [main] org.apache.catalina.startup.VersionLoggerListener.log Command line argument: -Djava.util.logging.manager=org.apache.juli.ClassLoaderLogManager
06-Sep-2020 17:04:22.610 INFO [main] org.apache.catalina.startup.VersionLoggerListener.log Command line argument: -Djava.util.logging.config.file=C:\Program Files (x86)\Apache Software Foundation\Tomcat 8.5\conf\logging.properties
06-Sep-2020 17:04:22.610 INFO [main] org.apache.catalina.startup.VersionLoggerListener.log Command line argument: exit
06-Sep-2020 17:04:22.611 INFO [main] org.apache.catalina.startup.VersionLoggerListener.log Command line argument: abort
06-Sep-2020 17:04:22.611 INFO [main] org.apache.catalina.startup.VersionLoggerListener.log Command line argument: -Xms128m
06-Sep-2020 17:04:22.611 INFO [main] org.apache.catalina.startup.VersionLoggerListener.log Command line argument: -Xmx256m
06-Sep-2020 17:04:22.611 INFO [main] org.apache.catalina.core.AprLifecycleListener.lifecycleEvent The Apache Tomcat Native library which allows using OpenSSL was not found on the java.library.path: [C:\Program Files (x86)\Apache Software Foundation\Tomcat 8.5\bin;C:\WINDOWS\Sun\Java\bin;C:\WINDOWS\system32;C:\WINDOWS;C:\Program Files (x86)\Java\jre1.8.0_261\bin;C:\Program Files (x86)\Common Files\Oracle\Java\javapath;C:\Windows\system32;C:\Windows;C:\Windows\System32\Wbem;C:\Windows\System32\WindowsPowerShell\v1.0\;C:\Windows\System32\OpenSSH\;C:\Users\Or\.dnx\bin;C:\Program Files\Microsoft DNX\Dnvm\;C:\Program Files\Microsoft SQL Server\120\Tools\Binn\;C:\Program Files\Microsoft SQL Server\130\Tools\Binn\;C:\Program Files (x86)\Windows Kits\8.1\Windows Performance Toolkit\;C:\Program Files\NVIDIA Corporation\NVIDIA NvDLISR;C:\Program Files (x86)\NVIDIA Corporation\PhysX\Common;C:\WINDOWS\system32;C:\WINDOWS;C:\WINDOWS\System32\Wbem;C:\WINDOWS\System32\WindowsPowerShell\v1.0\;C:\WINDOWS\System32\OpenSSH\;C:\Program Files\Git\cmd;C:\Program Files\Java\jdk-13.0.2\bin;C:\WINDOWS\ServiceProfiles\LocalService\AppData\Local\Microsoft\WindowsApps;.]
06-Sep-2020 17:04:22.675 INFO [main] org.apache.coyote.AbstractProtocol.init Initializing ProtocolHandler ["http-nio-8080"]
06-Sep-2020 17:04:22.843 INFO [main] org.apache.tomcat.util.net.NioSelectorPool.getSharedSelector Using a shared selector for servlet write/read
06-Sep-2020 17:04:22.850 INFO [main] org.apache.catalina.startup.Catalina.load Initialization processed in 429 ms
06-Sep-2020 17:04:22.862 INFO [main] org.apache.catalina.core.StandardService.startInternal Starting service [Catalina]
06-Sep-2020 17:04:22.863 INFO [main] org.apache.catalina.core.StandardEngine.startInternal Starting Servlet Engine: Apache Tomcat/8.5.57
06-Sep-2020 17:04:22.867 INFO [localhost-startStop-1] org.apache.catalina.startup.HostConfig.deployDirectory Deploying web application directory [C:\Program Files (x86)\Apache Software Foundation\Tomcat 8.5\webapps\docs]
06-Sep-2020 17:04:22.997 INFO [localhost-startStop-1] org.apache.catalina.startup.HostConfig.deployDirectory Deployment of web application directory [C:\Program Files (x86)\Apache Software Foundation\Tomcat 8.5\webapps\docs] has finished in [130] ms
06-Sep-2020 17:04:22.997 INFO [localhost-startStop-1] org.apache.catalina.startup.HostConfig.deployDirectory Deploying web application directory [C:\Program Files (x86)\Apache Software Foundation\Tomcat 8.5\webapps\manager]
06-Sep-2020 17:04:23.023 INFO [localhost-startStop-1] org.apache.catalina.startup.HostConfig.deployDirectory Deployment of web application directory [C:\Program Files (x86)\Apache Software Foundation\Tomcat 8.5\webapps\manager] has finished in [26] ms
06-Sep-2020 17:04:23.023 INFO [localhost-startStop-1] org.apache.catalina.startup.HostConfig.deployDirectory Deploying web application directory [C:\Program Files (x86)\Apache Software Foundation\Tomcat 8.5\webapps\or_itay]
06-Sep-2020 17:04:23.061 INFO [localhost-startStop-1] org.apache.catalina.startup.HostConfig.deployDirectory Deployment of web application directory [C:\Program Files (x86)\Apache Software Foundation\Tomcat 8.5\webapps\or_itay] has finished in [38] ms
06-Sep-2020 17:04:23.061 INFO [localhost-startStop-1] org.apache.catalina.startup.HostConfig.deployDirectory Deploying web application directory [C:\Program Files (x86)\Apache Software Foundation\Tomcat 8.5\webapps\ROOT]
06-Sep-2020 17:04:23.073 INFO [localhost-startStop-1] org.apache.catalina.startup.HostConfig.deployDirectory Deployment of web application directory [C:\Program Files (x86)\Apache Software Foundation\Tomcat 8.5\webapps\ROOT] has finished in [12] ms
06-Sep-2020 17:04:23.074 INFO [main] org.apache.coyote.AbstractProtocol.start Starting ProtocolHandler ["http-nio-8080"]
06-Sep-2020 17:04:23.079 INFO [main] org.apache.catalina.startup.Catalina.start Server startup in 229 ms
09-Sep-2020 19:47:29.397 INFO [Thread-5] org.apache.coyote.AbstractProtocol.pause Pausing ProtocolHandler ["http-nio-8080"]
09-Sep-2020 19:47:29.553 INFO [Thread-5] org.apache.catalina.core.StandardService.stopInternal Stopping service [Catalina]
09-Sep-2020 19:47:29.565 INFO [Thread-5] org.apache.coyote.AbstractProtocol.stop Stopping ProtocolHandler ["http-nio-8080"]
09-Sep-2020 19:47:29.565 INFO [Thread-5] org.apache.coyote.AbstractProtocol.destroy Destroying ProtocolHandler ["http-nio-8080"]
